build/app/intermediates/manifest_merge_blame_file/debug/manifest-merger-blame-debug-report.txt
1<?xml version="1.0" encoding="utf-8"?>
2<manifest xmlns:android="http://schemas.android.com/apk/res/android"
3    package="com.example.ecommerce"
4    android:versionCode="1"
5    android:versionName="1.0.0" >
6
7    <uses-sdk
8        android:minSdkVersion="23"
9        android:targetSdkVersion="34" />
10    <!--
11         The INTERNET permission is required for development. Specifically,
12         the Flutter tool needs it to communicate with the running application
13         to allow setting breakpoints, to provide hot reload, etc.
14    -->
15    <uses-permission android:name="android.permission.INTERNET" />
15-->src\debug\AndroidManifest.xml:6:5-66
15-->src\debug\AndroidManifest.xml:6:22-64
16    <uses-permission android:name="android.permission.WAKE_LOCK" />
16-->[:firebase_messaging] AndroidManifest.xml:10:5-68
16-->[:firebase_messaging] AndroidManifest.xml:10:22-65
17    <uses-permission android:name="android.permission.ACCESS_NETWORK_STATE" /> <!-- Permissions options for the `notification` group -->
17-->[:firebase_messaging] AndroidManifest.xml:11:5-79
17-->[:firebase_messaging] AndroidManifest.xml:11:22-76
18    <uses-permission android:name="android.permission.POST_NOTIFICATIONS" />
18-->[:firebase_messaging] AndroidManifest.xml:13:5-77
18-->[:firebase_messaging] AndroidManifest.xml:13:22-74
19    <uses-permission android:name="android.permission.VIBRATE" /> <!-- Required by older versions of Google Play services to create IID tokens -->
19-->[:flutter_local_notifications] AndroidManifest.xml:9:5-66
19-->[:flutter_local_notifications] AndroidManifest.xml:9:22-63
20    <uses-permission android:name="com.google.android.c2dm.permission.RECEIVE" />
20-->[com.google.firebase:firebase-messaging:23.3.1] AndroidManifest.xml:26:5-82
20-->[com.google.firebase:firebase-messaging:23.3.1] AndroidManifest.xml:26:22-79
21    <uses-permission android:name="com.google.android.gms.permission.AD_ID" />
21-->[com.google.android.gms:play-services-measurement-api:21.5.0] AndroidManifest.xml:25:5-79
21-->[com.google.android.gms:play-services-measurement-api:21.5.0] AndroidManifest.xml:25:22-76
22    <uses-permission android:name="android.permission.ACCESS_ADSERVICES_ATTRIBUTION" />
22-->[com.google.android.gms:play-services-measurement-api:21.5.0] AndroidManifest.xml:26:5-88
22-->[com.google.android.gms:play-services-measurement-api:21.5.0] AndroidManifest.xml:26:22-85
23    <uses-permission android:name="android.permission.ACCESS_ADSERVICES_AD_ID" />
23-->[com.google.android.gms:play-services-measurement-api:21.5.0] AndroidManifest.xml:27:5-82
23-->[com.google.android.gms:play-services-measurement-api:21.5.0] AndroidManifest.xml:27:22-79
24    <uses-permission android:name="com.google.android.finsky.permission.BIND_GET_INSTALL_REFERRER_SERVICE" />
24-->[com.google.android.gms:play-services-measurement:21.5.0] AndroidManifest.xml:26:5-110
24-->[com.google.android.gms:play-services-measurement:21.5.0] AndroidManifest.xml:26:22-107
25
26    <permission
26-->[androidx.core:core:1.10.1] AndroidManifest.xml:22:5-24:47
27        android:name="com.example.ecommerce.DYNAMIC_RECEIVER_NOT_EXPORTED_PERMISSION"
27-->[androidx.core:core:1.10.1] AndroidManifest.xml:23:9-81
28        android:protectionLevel="signature" />
28-->[androidx.core:core:1.10.1] AndroidManifest.xml:24:9-44
29
30    <uses-permission android:name="com.example.ecommerce.DYNAMIC_RECEIVER_NOT_EXPORTED_PERMISSION" />
30-->[androidx.core:core:1.10.1] AndroidManifest.xml:26:5-97
30-->[androidx.core:core:1.10.1] AndroidManifest.xml:26:22-94
31
32    <application
33        android:name="android.app.Application"
34        android:appComponentFactory="androidx.core.app.CoreComponentFactory"
34-->[androidx.core:core:1.10.1] AndroidManifest.xml:28:18-86
35        android:debuggable="true"
36        android:extractNativeLibs="false"
37        android:icon="@mipmap/ic_launcher"
38        android:label="ecommerce" >
39        <activity
40            android:name="com.example.ecommerce.MainActivity"
41            android:configChanges="orientation|keyboardHidden|keyboard|screenSize|smallestScreenSize|locale|layoutDirection|fontScale|screenLayout|density|uiMode"
42            android:exported="true"
43            android:hardwareAccelerated="true"
44            android:launchMode="singleTop"
45            android:theme="@style/LaunchTheme"
46            android:windowSoftInputMode="adjustResize" >
47
48            <!--
49                 Specifies an Android theme to apply to this Activity as soon as
50                 the Android process has started. This theme is visible to the user
51                 while the Flutter UI initializes. After that, this theme continues
52                 to determine the Window background behind the Flutter UI.
53            -->
54            <meta-data
55                android:name="io.flutter.embedding.android.NormalTheme"
56                android:resource="@style/NormalTheme" />
57
58            <intent-filter>
59                <action android:name="android.intent.action.MAIN" />
60
61                <category android:name="android.intent.category.LAUNCHER" />
62            </intent-filter>
63        </activity>
64        <!--
65             Don't delete the meta-data below.
66             This is used by the Flutter tool to generate GeneratedPluginRegistrant.java
67        -->
68        <meta-data
69            android:name="flutterEmbedding"
70            android:value="2" />
71
72        <service
72-->[:firebase_app_check] AndroidManifest.xml:10:9-14:19
73            android:name="com.google.firebase.components.ComponentDiscoveryService"
73-->[:firebase_app_check] AndroidManifest.xml:10:18-89
74            android:directBootAware="true"
74-->[com.google.firebase:firebase-common:20.4.2] AndroidManifest.xml:32:13-43
75            android:exported="false" >
75-->[com.google.firebase:firebase-analytics-ktx:21.5.0] AndroidManifest.xml:10:13-37
76            <meta-data
76-->[:firebase_app_check] AndroidManifest.xml:11:13-13:85
77                android:name="com.google.firebase.components:io.flutter.plugins.firebase.appcheck.FlutterFirebaseAppRegistrar"
77-->[:firebase_app_check] AndroidManifest.xml:12:17-127
78                android:value="com.google.firebase.components.ComponentRegistrar" />
78-->[:firebase_app_check] AndroidManifest.xml:13:17-82
79            <meta-data
79-->[:firebase_crashlytics] AndroidManifest.xml:11:13-13:85
80                android:name="com.google.firebase.components:io.flutter.plugins.firebase.crashlytics.FlutterFirebaseAppRegistrar"
80-->[:firebase_crashlytics] AndroidManifest.xml:12:17-130
81                android:value="com.google.firebase.components.ComponentRegistrar" />
81-->[:firebase_crashlytics] AndroidManifest.xml:13:17-82
82            <meta-data
82-->[:cloud_firestore] AndroidManifest.xml:11:13-13:85
83                android:name="com.google.firebase.components:io.flutter.plugins.firebase.firestore.FlutterFirebaseFirestoreRegistrar"
83-->[:cloud_firestore] AndroidManifest.xml:12:17-134
84                android:value="com.google.firebase.components.ComponentRegistrar" />
84-->[:cloud_firestore] AndroidManifest.xml:13:17-82
85            <meta-data
85-->[:firebase_dynamic_links] AndroidManifest.xml:13:13-15:85
86                android:name="com.google.firebase.components:io.flutter.plugins.firebase.dynamiclinks.FlutterFirebaseAppRegistrar"
86-->[:firebase_dynamic_links] AndroidManifest.xml:14:17-131
87                android:value="com.google.firebase.components.ComponentRegistrar" />
87-->[:firebase_dynamic_links] AndroidManifest.xml:15:17-82
88            <meta-data
88-->[:firebase_auth] AndroidManifest.xml:11:13-13:85
89                android:name="com.google.firebase.components:io.flutter.plugins.firebase.auth.FlutterFirebaseAuthRegistrar"
89-->[:firebase_auth] AndroidManifest.xml:12:17-124
90                android:value="com.google.firebase.components.ComponentRegistrar" />
90-->[:firebase_auth] AndroidManifest.xml:13:17-82
91            <meta-data
91-->[:firebase_storage] AndroidManifest.xml:11:13-13:85
92                android:name="com.google.firebase.components:io.flutter.plugins.firebase.storage.FlutterFirebaseAppRegistrar"
92-->[:firebase_storage] AndroidManifest.xml:12:17-126
93                android:value="com.google.firebase.components.ComponentRegistrar" />
93-->[:firebase_storage] AndroidManifest.xml:13:17-82
94            <meta-data
94-->[:firebase_messaging] AndroidManifest.xml:38:13-40:85
95                android:name="com.google.firebase.components:io.flutter.plugins.firebase.messaging.FlutterFirebaseAppRegistrar"
95-->[:firebase_messaging] AndroidManifest.xml:39:17-128
96                android:value="com.google.firebase.components.ComponentRegistrar" />
96-->[:firebase_messaging] AndroidManifest.xml:40:17-82
97            <meta-data
97-->[:firebase_core] AndroidManifest.xml:11:13-13:85
98                android:name="com.google.firebase.components:io.flutter.plugins.firebase.core.FlutterFirebaseCoreRegistrar"
98-->[:firebase_core] AndroidManifest.xml:12:17-124
99                android:value="com.google.firebase.components.ComponentRegistrar" />
99-->[:firebase_core] AndroidManifest.xml:13:17-82
100            <meta-data
100-->[com.google.firebase:firebase-analytics-ktx:21.5.0] AndroidManifest.xml:11:13-13:85
101                android:name="com.google.firebase.components:com.google.firebase.analytics.ktx.FirebaseAnalyticsLegacyRegistrar"
101-->[com.google.firebase:firebase-analytics-ktx:21.5.0] AndroidManifest.xml:12:17-129
102                android:value="com.google.firebase.components.ComponentRegistrar" />
102-->[com.google.firebase:firebase-analytics-ktx:21.5.0] AndroidManifest.xml:13:17-82
103            <meta-data
103-->[com.google.firebase:firebase-crashlytics:18.6.0] AndroidManifest.xml:15:13-17:85
104                android:name="com.google.firebase.components:com.google.firebase.crashlytics.FirebaseCrashlyticsKtxRegistrar"
104-->[com.google.firebase:firebase-crashlytics:18.6.0] AndroidManifest.xml:16:17-126
105                android:value="com.google.firebase.components.ComponentRegistrar" />
105-->[com.google.firebase:firebase-crashlytics:18.6.0] AndroidManifest.xml:17:17-82
106            <meta-data
106-->[com.google.firebase:firebase-crashlytics:18.6.0] AndroidManifest.xml:18:13-20:85
107                android:name="com.google.firebase.components:com.google.firebase.crashlytics.CrashlyticsRegistrar"
107-->[com.google.firebase:firebase-crashlytics:18.6.0] AndroidManifest.xml:19:17-115
108                android:value="com.google.firebase.components.ComponentRegistrar" />
108-->[com.google.firebase:firebase-crashlytics:18.6.0] AndroidManifest.xml:20:17-82
109            <meta-data
109-->[com.google.firebase:firebase-messaging:23.3.1] AndroidManifest.xml:57:13-59:85
110                android:name="com.google.firebase.components:com.google.firebase.messaging.FirebaseMessagingKtxRegistrar"
110-->[com.google.firebase:firebase-messaging:23.3.1] AndroidManifest.xml:58:17-122
111                android:value="com.google.firebase.components.ComponentRegistrar" />
111-->[com.google.firebase:firebase-messaging:23.3.1] AndroidManifest.xml:59:17-82
112            <meta-data
112-->[com.google.firebase:firebase-messaging:23.3.1] AndroidManifest.xml:60:13-62:85
113                android:name="com.google.firebase.components:com.google.firebase.messaging.FirebaseMessagingRegistrar"
113-->[com.google.firebase:firebase-messaging:23.3.1] AndroidManifest.xml:61:17-119
114                android:value="com.google.firebase.components.ComponentRegistrar" />
114-->[com.google.firebase:firebase-messaging:23.3.1] AndroidManifest.xml:62:17-82
115            <meta-data
115-->[com.google.firebase:firebase-appcheck-debug:17.1.1] AndroidManifest.xml:25:13-27:85
116                android:name="com.google.firebase.components:com.google.firebase.appcheck.debug.FirebaseAppCheckDebugRegistrar"
116-->[com.google.firebase:firebase-appcheck-debug:17.1.1] AndroidManifest.xml:26:17-128
117                android:value="com.google.firebase.components.ComponentRegistrar" />
117-->[com.google.firebase:firebase-appcheck-debug:17.1.1] AndroidManifest.xml:27:17-82
118            <meta-data
118-->[com.google.firebase:firebase-appcheck-playintegrity:17.1.1] AndroidManifest.xml:25:13-27:85
119                android:name="com.google.firebase.components:com.google.firebase.appcheck.playintegrity.FirebaseAppCheckPlayIntegrityRegistrar"
119-->[com.google.firebase:firebase-appcheck-playintegrity:17.1.1] AndroidManifest.xml:26:17-144
120                android:value="com.google.firebase.components.ComponentRegistrar" />
120-->[com.google.firebase:firebase-appcheck-playintegrity:17.1.1] AndroidManifest.xml:27:17-82
121            <meta-data
121-->[com.google.firebase:firebase-firestore:24.9.1] AndroidManifest.xml:17:13-19:85
122                android:name="com.google.firebase.components:com.google.firebase.firestore.FirebaseFirestoreKtxRegistrar"
122-->[com.google.firebase:firebase-firestore:24.9.1] AndroidManifest.xml:18:17-122
123                android:value="com.google.firebase.components.ComponentRegistrar" />
123-->[com.google.firebase:firebase-firestore:24.9.1] AndroidManifest.xml:19:17-82
124            <meta-data
124-->[com.google.firebase:firebase-firestore:24.9.1] AndroidManifest.xml:20:13-22:85
125                android:name="com.google.firebase.components:com.google.firebase.firestore.FirestoreRegistrar"
125-->[com.google.firebase:firebase-firestore:24.9.1] AndroidManifest.xml:21:17-111
126                android:value="com.google.firebase.components.ComponentRegistrar" />
126-->[com.google.firebase:firebase-firestore:24.9.1] AndroidManifest.xml:22:17-82
127            <meta-data
127-->[com.google.firebase:firebase-dynamic-links:21.2.0] AndroidManifest.xml:24:13-26:85
128                android:name="com.google.firebase.components:com.google.firebase.dynamiclinks.FirebaseDynamicLinksKtxRegistrar"
128-->[com.google.firebase:firebase-dynamic-links:21.2.0] AndroidManifest.xml:25:17-128
129                android:value="com.google.firebase.components.ComponentRegistrar" />
129-->[com.google.firebase:firebase-dynamic-links:21.2.0] AndroidManifest.xml:26:17-82
130            <meta-data
130-->[com.google.firebase:firebase-dynamic-links:21.2.0] AndroidManifest.xml:27:13-29:85
131                android:name="com.google.firebase.components:com.google.firebase.dynamiclinks.internal.FirebaseDynamicLinkRegistrar"
131-->[com.google.firebase:firebase-dynamic-links:21.2.0] AndroidManifest.xml:28:17-133
132                android:value="com.google.firebase.components.ComponentRegistrar" />
132-->[com.google.firebase:firebase-dynamic-links:21.2.0] AndroidManifest.xml:29:17-82
133            <meta-data
133-->[com.google.firebase:firebase-auth:22.3.0] AndroidManifest.xml:69:13-71:85
134                android:name="com.google.firebase.components:com.google.firebase.auth.FirebaseAuthRegistrar"
134-->[com.google.firebase:firebase-auth:22.3.0] AndroidManifest.xml:70:17-109
135                android:value="com.google.firebase.components.ComponentRegistrar" />
135-->[com.google.firebase:firebase-auth:22.3.0] AndroidManifest.xml:71:17-82
136            <meta-data
136-->[com.google.firebase:firebase-storage:20.3.0] AndroidManifest.xml:30:13-32:85
137                android:name="com.google.firebase.components:com.google.firebase.storage.FirebaseStorageKtxRegistrar"
137-->[com.google.firebase:firebase-storage:20.3.0] AndroidManifest.xml:31:17-118
138                android:value="com.google.firebase.components.ComponentRegistrar" />
138-->[com.google.firebase:firebase-storage:20.3.0] AndroidManifest.xml:32:17-82
139            <meta-data
139-->[com.google.firebase:firebase-storage:20.3.0] AndroidManifest.xml:33:13-35:85
140                android:name="com.google.firebase.components:com.google.firebase.storage.StorageRegistrar"
140-->[com.google.firebase:firebase-storage:20.3.0] AndroidManifest.xml:34:17-107
141                android:value="com.google.firebase.components.ComponentRegistrar" />
141-->[com.google.firebase:firebase-storage:20.3.0] AndroidManifest.xml:35:17-82
142            <meta-data
142-->[com.google.firebase:firebase-appcheck-safetynet:16.1.2] AndroidManifest.xml:27:13-29:85
143                android:name="com.google.firebase.components:com.google.firebase.appcheck.safetynet.FirebaseAppCheckSafetyNetRegistrar"
143-->[com.google.firebase:firebase-appcheck-safetynet:16.1.2] AndroidManifest.xml:28:17-136
144                android:value="com.google.firebase.components.ComponentRegistrar" />
144-->[com.google.firebase:firebase-appcheck-safetynet:16.1.2] AndroidManifest.xml:29:17-82
145            <meta-data
145-->[com.google.firebase:firebase-appcheck:17.1.1] AndroidManifest.xml:25:13-27:85
146                android:name="com.google.firebase.components:com.google.firebase.appcheck.FirebaseAppCheckKtxRegistrar"
146-->[com.google.firebase:firebase-appcheck:17.1.1] AndroidManifest.xml:26:17-120
147                android:value="com.google.firebase.components.ComponentRegistrar" />
147-->[com.google.firebase:firebase-appcheck:17.1.1] AndroidManifest.xml:27:17-82
148            <meta-data
148-->[com.google.firebase:firebase-appcheck:17.1.1] AndroidManifest.xml:28:13-30:85
149                android:name="com.google.firebase.components:com.google.firebase.appcheck.FirebaseAppCheckRegistrar"
149-->[com.google.firebase:firebase-appcheck:17.1.1] AndroidManifest.xml:29:17-117
150                android:value="com.google.firebase.components.ComponentRegistrar" />
150-->[com.google.firebase:firebase-appcheck:17.1.1] AndroidManifest.xml:30:17-82
151            <meta-data
151-->[com.google.firebase:firebase-iid:21.1.0] AndroidManifest.xml:32:13-34:85
152                android:name="com.google.firebase.components:com.google.firebase.iid.Registrar"
152-->[com.google.firebase:firebase-iid:21.1.0] AndroidManifest.xml:33:17-96
153                android:value="com.google.firebase.components.ComponentRegistrar" />
153-->[com.google.firebase:firebase-iid:21.1.0] AndroidManifest.xml:34:17-82
154            <meta-data
154-->[com.google.firebase:firebase-sessions:1.2.0] AndroidManifest.xml:29:13-31:85
155                android:name="com.google.firebase.components:com.google.firebase.sessions.FirebaseSessionsRegistrar"
155-->[com.google.firebase:firebase-sessions:1.2.0] AndroidManifest.xml:30:17-117
156                android:value="com.google.firebase.components.ComponentRegistrar" />
156-->[com.google.firebase:firebase-sessions:1.2.0] AndroidManifest.xml:31:17-82
157            <meta-data
157-->[com.google.android.gms:play-services-measurement-api:21.5.0] AndroidManifest.xml:37:13-39:85
158                android:name="com.google.firebase.components:com.google.firebase.analytics.connector.internal.AnalyticsConnectorRegistrar"
158-->[com.google.android.gms:play-services-measurement-api:21.5.0] AndroidManifest.xml:38:17-139
159                android:value="com.google.firebase.components.ComponentRegistrar" />
159-->[com.google.android.gms:play-services-measurement-api:21.5.0] AndroidManifest.xml:39:17-82
160            <meta-data
160-->[com.google.firebase:firebase-installations:17.2.0] AndroidManifest.xml:15:13-17:85
161                android:name="com.google.firebase.components:com.google.firebase.installations.FirebaseInstallationsKtxRegistrar"
161-->[com.google.firebase:firebase-installations:17.2.0] AndroidManifest.xml:16:17-130
162                android:value="com.google.firebase.components.ComponentRegistrar" />
162-->[com.google.firebase:firebase-installations:17.2.0] AndroidManifest.xml:17:17-82
163            <meta-data
163-->[com.google.firebase:firebase-installations:17.2.0] AndroidManifest.xml:18:13-20:85
164                android:name="com.google.firebase.components:com.google.firebase.installations.FirebaseInstallationsRegistrar"
164-->[com.google.firebase:firebase-installations:17.2.0] AndroidManifest.xml:19:17-127
165                android:value="com.google.firebase.components.ComponentRegistrar" />
165-->[com.google.firebase:firebase-installations:17.2.0] AndroidManifest.xml:20:17-82
166            <meta-data
166-->[com.google.firebase:firebase-common-ktx:20.4.2] AndroidManifest.xml:12:13-14:85
167                android:name="com.google.firebase.components:com.google.firebase.ktx.FirebaseCommonLegacyRegistrar"
167-->[com.google.firebase:firebase-common-ktx:20.4.2] AndroidManifest.xml:13:17-116
168                android:value="com.google.firebase.components.ComponentRegistrar" />
168-->[com.google.firebase:firebase-common-ktx:20.4.2] AndroidManifest.xml:14:17-82
169            <meta-data
169-->[com.google.firebase:firebase-datatransport:18.1.8] AndroidManifest.xml:27:13-29:85
170                android:name="com.google.firebase.components:com.google.firebase.datatransport.TransportRegistrar"
170-->[com.google.firebase:firebase-datatransport:18.1.8] AndroidManifest.xml:28:17-115
171                android:value="com.google.firebase.components.ComponentRegistrar" />
171-->[com.google.firebase:firebase-datatransport:18.1.8] AndroidManifest.xml:29:17-82
172            <meta-data
172-->[com.google.firebase:firebase-common:20.4.2] AndroidManifest.xml:35:13-37:85
173                android:name="com.google.firebase.components:com.google.firebase.FirebaseCommonKtxRegistrar"
173-->[com.google.firebase:firebase-common:20.4.2] AndroidManifest.xml:36:17-109
174                android:value="com.google.firebase.components.ComponentRegistrar" />
174-->[com.google.firebase:firebase-common:20.4.2] AndroidManifest.xml:37:17-82
175        </service>
176        <service
176-->[:firebase_messaging] AndroidManifest.xml:16:9-19:72
177            android:name="io.flutter.plugins.firebase.messaging.FlutterFirebaseMessagingBackgroundService"
177-->[:firebase_messaging] AndroidManifest.xml:17:13-107
178            android:exported="false"
178-->[:firebase_messaging] AndroidManifest.xml:18:13-37
179            android:permission="android.permission.BIND_JOB_SERVICE" />
179-->[:firebase_messaging] AndroidManifest.xml:19:13-69
180        <service
180-->[:firebase_messaging] AndroidManifest.xml:20:9-26:19
181            android:name="io.flutter.plugins.firebase.messaging.FlutterFirebaseMessagingService"
181-->[:firebase_messaging] AndroidManifest.xml:21:13-97
182            android:exported="false" >
182-->[:firebase_messaging] AndroidManifest.xml:22:13-37
183            <intent-filter>
183-->[:firebase_messaging] AndroidManifest.xml:23:13-25:29
184                <action android:name="com.google.firebase.MESSAGING_EVENT" />
184-->[:firebase_messaging] AndroidManifest.xml:24:17-78
184-->[:firebase_messaging] AndroidManifest.xml:24:25-75
185            </intent-filter>
186        </service>
187
188        <receiver
188-->[:firebase_messaging] AndroidManifest.xml:28:9-35:20
189            android:name="io.flutter.plugins.firebase.messaging.FlutterFirebaseMessagingReceiver"
189-->[:firebase_messaging] AndroidManifest.xml:29:13-98
190            android:exported="true"
190-->[:firebase_messaging] AndroidManifest.xml:30:13-36
191            android:permission="com.google.android.c2dm.permission.SEND" >
191-->[:firebase_messaging] AndroidManifest.xml:31:13-73
192            <intent-filter>
192-->[:firebase_messaging] AndroidManifest.xml:32:13-34:29
193                <action android:name="com.google.android.c2dm.intent.RECEIVE" />
193-->[:firebase_messaging] AndroidManifest.xml:33:17-81
193-->[:firebase_messaging] AndroidManifest.xml:33:25-78
194            </intent-filter>
195        </receiver>
196
197        <provider
197-->[:firebase_messaging] AndroidManifest.xml:43:9-47:38
198            android:name="io.flutter.plugins.firebase.messaging.FlutterFirebaseMessagingInitProvider"
198-->[:firebase_messaging] AndroidManifest.xml:44:13-102
199            android:authorities="com.example.ecommerce.flutterfirebasemessaginginitprovider"
199-->[:firebase_messaging] AndroidManifest.xml:45:13-88
200            android:exported="false"
200-->[:firebase_messaging] AndroidManifest.xml:46:13-37
201            android:initOrder="99" />
201-->[:firebase_messaging] AndroidManifest.xml:47:13-35
202
203        <activity
203-->[:url_launcher_android] AndroidManifest.xml:10:9-13:74
204            android:name="io.flutter.plugins.urllauncher.WebViewActivity"
204-->[:url_launcher_android] AndroidManifest.xml:11:13-74
205            android:exported="false"
205-->[:url_launcher_android] AndroidManifest.xml:12:13-37
206            android:theme="@android:style/Theme.NoTitleBar.Fullscreen" />
206-->[:url_launcher_android] AndroidManifest.xml:13:13-71
207        <!--
208           Declares a provider which allows us to store files to share in
209           '.../caches/share_plus' and grant the receiving action access
210        -->
211        <provider
211-->[:share_plus] AndroidManifest.xml:15:9-23:20
212            android:name="dev.fluttercommunity.plus.share.ShareFileProvider"
212-->[:share_plus] AndroidManifest.xml:16:13-77
213            android:authorities="com.example.ecommerce.flutter.share_provider"
213-->[:share_plus] AndroidManifest.xml:17:13-74
214            android:exported="false"
214-->[:share_plus] AndroidManifest.xml:18:13-37
215            android:grantUriPermissions="true" >
215-->[:share_plus] AndroidManifest.xml:19:13-47
216            <meta-data
216-->[:share_plus] AndroidManifest.xml:20:13-22:68
217                android:name="android.support.FILE_PROVIDER_PATHS"
217-->[:share_plus] AndroidManifest.xml:21:17-67
218                android:resource="@xml/flutter_share_file_paths" />
218-->[:share_plus] AndroidManifest.xml:22:17-65
219        </provider>
220        <!--
221           This manifest declared broadcast receiver allows us to use an explicit
222           Intent when creating a PendingItent to be informed of the user's choice
223        -->
224        <receiver
224-->[:share_plus] AndroidManifest.xml:28:9-34:20
225            android:name="dev.fluttercommunity.plus.share.SharePlusPendingIntent"
225-->[:share_plus] AndroidManifest.xml:29:13-82
226            android:exported="false" >
226-->[:share_plus] AndroidManifest.xml:30:13-37
227            <intent-filter>
227-->[:share_plus] AndroidManifest.xml:31:13-33:29
228                <action android:name="EXTRA_CHOSEN_COMPONENT" />
228-->[:share_plus] AndroidManifest.xml:32:17-65
228-->[:share_plus] AndroidManifest.xml:32:25-62
229            </intent-filter>
230        </receiver>
231        <receiver
231-->[com.google.firebase:firebase-messaging:23.3.1] AndroidManifest.xml:29:9-40:20
232            android:name="com.google.firebase.iid.FirebaseInstanceIdReceiver"
232-->[com.google.firebase:firebase-messaging:23.3.1] AndroidManifest.xml:30:13-78
233            android:exported="true"
233-->[com.google.firebase:firebase-messaging:23.3.1] AndroidManifest.xml:31:13-36
234            android:permission="com.google.android.c2dm.permission.SEND" >
234-->[com.google.firebase:firebase-messaging:23.3.1] AndroidManifest.xml:32:13-73
235            <intent-filter>
235-->[:firebase_messaging] AndroidManifest.xml:32:13-34:29
236                <action android:name="com.google.android.c2dm.intent.RECEIVE" />
236-->[:firebase_messaging] AndroidManifest.xml:33:17-81
236-->[:firebase_messaging] AndroidManifest.xml:33:25-78
237            </intent-filter>
238
239            <meta-data
239-->[com.google.firebase:firebase-messaging:23.3.1] AndroidManifest.xml:37:13-39:40
240                android:name="com.google.android.gms.cloudmessaging.FINISHED_AFTER_HANDLED"
240-->[com.google.firebase:firebase-messaging:23.3.1] AndroidManifest.xml:38:17-92
241                android:value="true" />
241-->[com.google.firebase:firebase-messaging:23.3.1] AndroidManifest.xml:39:17-37
242        </receiver>
243        <!--
244             FirebaseMessagingService performs security checks at runtime,
245             but set to not exported to explicitly avoid allowing another app to call it.
246        -->
247        <service
247-->[com.google.firebase:firebase-messaging:23.3.1] AndroidManifest.xml:46:9-53:19
248            android:name="com.google.firebase.messaging.FirebaseMessagingService"
248-->[com.google.firebase:firebase-messaging:23.3.1] AndroidManifest.xml:47:13-82
249            android:directBootAware="true"
249-->[com.google.firebase:firebase-messaging:23.3.1] AndroidManifest.xml:48:13-43
250            android:exported="false" >
250-->[com.google.firebase:firebase-messaging:23.3.1] AndroidManifest.xml:49:13-37
251            <intent-filter android:priority="-500" >
251-->[:firebase_messaging] AndroidManifest.xml:23:13-25:29
252                <action android:name="com.google.firebase.MESSAGING_EVENT" />
252-->[:firebase_messaging] AndroidManifest.xml:24:17-78
252-->[:firebase_messaging] AndroidManifest.xml:24:25-75
253            </intent-filter>
254        </service>
255
256        <activity
256-->[com.google.firebase:firebase-auth:22.3.0] AndroidManifest.xml:29:9-46:20
257            android:name="com.google.firebase.auth.internal.GenericIdpActivity"
257-->[com.google.firebase:firebase-auth:22.3.0] AndroidManifest.xml:30:13-80
258            android:excludeFromRecents="true"
258-->[com.google.firebase:firebase-auth:22.3.0] AndroidManifest.xml:31:13-46
259            android:exported="true"
259-->[com.google.firebase:firebase-auth:22.3.0] AndroidManifest.xml:32:13-36
260            android:launchMode="singleTask"
260-->[com.google.firebase:firebase-auth:22.3.0] AndroidManifest.xml:33:13-44
261            android:theme="@android:style/Theme.Translucent.NoTitleBar" >
261-->[com.google.firebase:firebase-auth:22.3.0] AndroidManifest.xml:34:13-72
262            <intent-filter>
262-->[com.google.firebase:firebase-auth:22.3.0] AndroidManifest.xml:35:13-45:29
263                <action android:name="android.intent.action.VIEW" />
263-->[com.google.firebase:firebase-auth:22.3.0] AndroidManifest.xml:36:17-69